INFO:     Will watch for changes in these directories: ['C:\\Users\\dhanu\\OneDrive\\Desktop\\Emotionsl bitch\\backend']
INFO:     Uvicorn running on http://127.0.0.1:8000 (Press CTRL+C to quit)
INFO:     Started reloader process [35644] using WatchFiles
Process SpawnProcess-1:
Traceback (most recent call last):
  File "C:\Users\dhanu\AppData\Local\Programs\Python\Python312\Lib\multiprocessing\process.py", line 314, in _bootstrap
    self.run()
  File "C:\Users\dhanu\AppData\Local\Programs\Python\Python312\Lib\multiprocessing\process.py", line 108, in run
    self._target(*self._args, **self._kwargs)
  File "C:\Users\dhanu\AppData\Local\Programs\Python\Python312\Lib\site-packages\uvicorn\_subprocess.py", line 80, in subprocess_started
    target(sockets=sockets)
  File "C:\Users\dhanu\AppData\Local\Programs\Python\Python312\Lib\site-packages\uvicorn\server.py", line 67, in run
    return asyncio_run(self.serve(sockets=sockets), loop_factory=self.config.get_loop_factory())
           ^^^^^^^^^^^^^^^^^^^^^^^^^^^^^^^^^^^^^^^^^^^^^^^^^^^^^^^^^^^^^^^^^^^^^^^^^^^^^^^^^^^^^
  File "C:\Users\dhanu\AppData\Local\Programs\Python\Python312\Lib\asyncio\runners.py", line 194, in run
    return runner.run(main)
           ^^^^^^^^^^^^^^^^
  File "C:\Users\dhanu\AppData\Local\Programs\Python\Python312\Lib\asyncio\runners.py", line 118, in run
    return self._loop.run_until_complete(task)
           ^^^^^^^^^^^^^^^^^^^^^^^^^^^^^^^^^^^
  File "C:\Users\dhanu\AppData\Local\Programs\Python\Python312\Lib\asyncio\base_events.py", line 687, in run_until_complete
    return future.result()
           ^^^^^^^^^^^^^^^
  File "C:\Users\dhanu\AppData\Local\Programs\Python\Python312\Lib\site-packages\uvicorn\server.py", line 71, in serve
    await self._serve(sockets)
  File "C:\Users\dhanu\AppData\Local\Programs\Python\Python312\Lib\site-packages\uvicorn\server.py", line 78, in _serve
    config.load()
  File "C:\Users\dhanu\AppData\Local\Programs\Python\Python312\Lib\site-packages\uvicorn\config.py", line 439, in load
    self.loaded_app = import_from_string(self.app)
                      ^^^^^^^^^^^^^^^^^^^^^^^^^^^^
  File "C:\Users\dhanu\AppData\Local\Programs\Python\Python312\Lib\site-packages\uvicorn\importer.py", line 19, in import_from_string
    module = importlib.import_module(module_str)
             ^^^^^^^^^^^^^^^^^^^^^^^^^^^^^^^^^^^
  File "C:\Users\dhanu\AppData\Local\Programs\Python\Python312\Lib\importlib\__init__.py", line 90, in import_module
    return _bootstrap._gcd_import(name[level:], package, level)
           ^^^^^^^^^^^^^^^^^^^^^^^^^^^^^^^^^^^^^^^^^^^^^^^^^^^^
  File "<frozen importlib._bootstrap>", line 1387, in _gcd_import
  File "<frozen importlib._bootstrap>", line 1360, in _find_and_load
  File "<frozen importlib._bootstrap>", line 1331, in _find_and_load_unlocked
  File "<frozen importlib._bootstrap>", line 935, in _load_unlocked
  File "<frozen importlib._bootstrap_external>", line 995, in exec_module
  File "<frozen importlib._bootstrap>", line 488, in _call_with_frames_removed
  File "C:\Users\dhanu\OneDrive\Desktop\Emotionsl bitch\backend\main.py", line 5, in <module>
    from emotion import detect_emotion_from_image
  File "C:\Users\dhanu\OneDrive\Desktop\Emotionsl bitch\backend\emotion.py", line 4, in <module>
    from deepface import DeepFace
  File "C:\Users\dhanu\AppData\Local\Programs\Python\Python312\Lib\site-packages\deepface\DeepFace.py", line 20, in <module>
    from deepface.modules import (
  File "C:\Users\dhanu\AppData\Local\Programs\Python\Python312\Lib\site-packages\deepface\modules\modeling.py", line 5, in <module>
    from deepface.models.facial_recognition import (
  File "C:\Users\dhanu\AppData\Local\Programs\Python\Python312\Lib\site-packages\deepface\models\facial_recognition\VGGFace.py", line 6, in <module>
    from deepface.modules import verification
  File "C:\Users\dhanu\AppData\Local\Programs\Python\Python312\Lib\site-packages\deepface\modules\verification.py", line 9, in <module>
    from deepface.modules import representation, detection, modeling
  File "C:\Users\dhanu\AppData\Local\Programs\Python\Python312\Lib\site-packages\deepface\modules\representation.py", line 9, in <module>
    from deepface.modules import modeling, detection, preprocessing
  File "C:\Users\dhanu\AppData\Local\Programs\Python\Python312\Lib\site-packages\deepface\modules\preprocessing.py", line 12, in <module>
    tf_major_version = package_utils.get_tf_major_version()
                       ^^^^^^^^^^^^^^^^^^^^^^^^^^^^^^^^^^^^
  File "C:\Users\dhanu\AppData\Local\Programs\Python\Python312\Lib\site-packages\deepface\commons\package_utils.py", line 16, in get_tf_major_version
    return int(tf.__version__.split(".", maxsplit=1)[0])
               ^^^^^^^^^^^^^^
AttributeError: module 'tensorflow' has no attribute '__version__'
WARNING:  WatchFiles detected changes in 'emotion.py'. Reloading...
Process SpawnProcess-2:
Traceback (most recent call last):
  File "C:\Users\dhanu\OneDrive\Desktop\Emotionsl bitch\backend\emotion.py", line 8, in <module>
    from deepface import DeepFace
  File "C:\Users\dhanu\AppData\Local\Programs\Python\Python312\Lib\site-packages\deepface\DeepFace.py", line 20, in <module>
    from deepface.modules import (
  File "C:\Users\dhanu\AppData\Local\Programs\Python\Python312\Lib\site-packages\deepface\modules\modeling.py", line 5, in <module>
    from deepface.models.facial_recognition import (
  File "C:\Users\dhanu\AppData\Local\Programs\Python\Python312\Lib\site-packages\deepface\models\facial_recognition\VGGFace.py", line 6, in <module>
    from deepface.modules import verification
  File "C:\Users\dhanu\AppData\Local\Programs\Python\Python312\Lib\site-packages\deepface\modules\verification.py", line 9, in <module>
    from deepface.modules import representation, detection, modeling
  File "C:\Users\dhanu\AppData\Local\Programs\Python\Python312\Lib\site-packages\deepface\modules\representation.py", line 9, in <module>
    from deepface.modules import modeling, detection, preprocessing
  File "C:\Users\dhanu\AppData\Local\Programs\Python\Python312\Lib\site-packages\deepface\modules\preprocessing.py", line 12, in <module>
    tf_major_version = package_utils.get_tf_major_version()
                       ^^^^^^^^^^^^^^^^^^^^^^^^^^^^^^^^^^^^
  File "C:\Users\dhanu\AppData\Local\Programs\Python\Python312\Lib\site-packages\deepface\commons\package_utils.py", line 16, in get_tf_major_version
    return int(tf.__version__.split(".", maxsplit=1)[0])
               ^^^^^^^^^^^^^^
AttributeError: module 'tensorflow' has no attribute '__version__'

During handling of the above exception, another exception occurred:

Traceback (most recent call last):
  File "C:\Users\dhanu\AppData\Local\Programs\Python\Python312\Lib\multiprocessing\process.py", line 314, in _bootstrap
    self.run()
  File "C:\Users\dhanu\AppData\Local\Programs\Python\Python312\Lib\multiprocessing\process.py", line 108, in run
    self._target(*self._args, **self._kwargs)
  File "C:\Users\dhanu\AppData\Local\Programs\Python\Python312\Lib\site-packages\uvicorn\_subprocess.py", line 80, in subprocess_started
    target(sockets=sockets)
  File "C:\Users\dhanu\AppData\Local\Programs\Python\Python312\Lib\site-packages\uvicorn\server.py", line 67, in run
    return asyncio_run(self.serve(sockets=sockets), loop_factory=self.config.get_loop_factory())
           ^^^^^^^^^^^^^^^^^^^^^^^^^^^^^^^^^^^^^^^^^^^^^^^^^^^^^^^^^^^^^^^^^^^^^^^^^^^^^^^^^^^^^
  File "C:\Users\dhanu\AppData\Local\Programs\Python\Python312\Lib\asyncio\runners.py", line 194, in run
    return runner.run(main)
           ^^^^^^^^^^^^^^^^
  File "C:\Users\dhanu\AppData\Local\Programs\Python\Python312\Lib\asyncio\runners.py", line 118, in run
    return self._loop.run_until_complete(task)
           ^^^^^^^^^^^^^^^^^^^^^^^^^^^^^^^^^^^
  File "C:\Users\dhanu\AppData\Local\Programs\Python\Python312\Lib\asyncio\base_events.py", line 687, in run_until_complete
    return future.result()
           ^^^^^^^^^^^^^^^
  File "C:\Users\dhanu\AppData\Local\Programs\Python\Python312\Lib\site-packages\uvicorn\server.py", line 71, in serve
    await self._serve(sockets)
  File "C:\Users\dhanu\AppData\Local\Programs\Python\Python312\Lib\site-packages\uvicorn\server.py", line 78, in _serve
    config.load()
  File "C:\Users\dhanu\AppData\Local\Programs\Python\Python312\Lib\site-packages\uvicorn\config.py", line 439, in load
    self.loaded_app = import_from_string(self.app)
                      ^^^^^^^^^^^^^^^^^^^^^^^^^^^^
  File "C:\Users\dhanu\AppData\Local\Programs\Python\Python312\Lib\site-packages\uvicorn\importer.py", line 19, in import_from_string
    module = importlib.import_module(module_str)
             ^^^^^^^^^^^^^^^^^^^^^^^^^^^^^^^^^^^
  File "C:\Users\dhanu\AppData\Local\Programs\Python\Python312\Lib\importlib\__init__.py", line 90, in import_module
    return _bootstrap._gcd_import(name[level:], package, level)
           ^^^^^^^^^^^^^^^^^^^^^^^^^^^^^^^^^^^^^^^^^^^^^^^^^^^^
  File "<frozen importlib._bootstrap>", line 1387, in _gcd_import
  File "<frozen importlib._bootstrap>", line 1360, in _find_and_load
  File "<frozen importlib._bootstrap>", line 1331, in _find_and_load_unlocked
  File "<frozen importlib._bootstrap>", line 935, in _load_unlocked
  File "<frozen importlib._bootstrap_external>", line 995, in exec_module
  File "<frozen importlib._bootstrap>", line 488, in _call_with_frames_removed
  File "C:\Users\dhanu\OneDrive\Desktop\Emotionsl bitch\backend\main.py", line 5, in <module>
    from emotion import detect_emotion_from_image
  File "C:\Users\dhanu\OneDrive\Desktop\Emotionsl bitch\backend\emotion.py", line 11, in <module>
    print(f"\u26a0\ufe0f DeepFace Import Error: {e}")
  File "C:\Users\dhanu\AppData\Local\Programs\Python\Python312\Lib\encodings\cp1252.py", line 19, in encode
    return codecs.charmap_encode(input,self.errors,encoding_table)[0]
           ^^^^^^^^^^^^^^^^^^^^^^^^^^^^^^^^^^^^^^^^^^^^^^^^^^^^^^^
UnicodeEncodeError: 'charmap' codec can't encode characters in position 0-1: character maps to <undefined>
WARNING:  WatchFiles detected changes in 'emotion.py'. Reloading...
Process SpawnProcess-3:
Traceback (most recent call last):
  File "C:\Users\dhanu\OneDrive\Desktop\Emotionsl bitch\backend\emotion.py", line 18, in <module>
    from fer import FER
ImportError: cannot import name 'FER' from 'fer' (C:\Users\dhanu\AppData\Local\Programs\Python\Python312\Lib\site-packages\fer\__init__.py)

During handling of the above exception, another exception occurred:

Traceback (most recent call last):
  File "C:\Users\dhanu\AppData\Local\Programs\Python\Python312\Lib\multiprocessing\process.py", line 314, in _bootstrap
    self.run()
  File "C:\Users\dhanu\AppData\Local\Programs\Python\Python312\Lib\multiprocessing\process.py", line 108, in run
    self._target(*self._args, **self._kwargs)
  File "C:\Users\dhanu\AppData\Local\Programs\Python\Python312\Lib\site-packages\uvicorn\_subprocess.py", line 80, in subprocess_started
    target(sockets=sockets)
  File "C:\Users\dhanu\AppData\Local\Programs\Python\Python312\Lib\site-packages\uvicorn\server.py", line 67, in run
    return asyncio_run(self.serve(sockets=sockets), loop_factory=self.config.get_loop_factory())
           ^^^^^^^^^^^^^^^^^^^^^^^^^^^^^^^^^^^^^^^^^^^^^^^^^^^^^^^^^^^^^^^^^^^^^^^^^^^^^^^^^^^^^
  File "C:\Users\dhanu\AppData\Local\Programs\Python\Python312\Lib\asyncio\runners.py", line 194, in run
    return runner.run(main)
           ^^^^^^^^^^^^^^^^
  File "C:\Users\dhanu\AppData\Local\Programs\Python\Python312\Lib\asyncio\runners.py", line 118, in run
    return self._loop.run_until_complete(task)
           ^^^^^^^^^^^^^^^^^^^^^^^^^^^^^^^^^^^
  File "C:\Users\dhanu\AppData\Local\Programs\Python\Python312\Lib\asyncio\base_events.py", line 687, in run_until_complete
    return future.result()
           ^^^^^^^^^^^^^^^
  File "C:\Users\dhanu\AppData\Local\Programs\Python\Python312\Lib\site-packages\uvicorn\server.py", line 71, in serve
    await self._serve(sockets)
  File "C:\Users\dhanu\AppData\Local\Programs\Python\Python312\Lib\site-packages\uvicorn\server.py", line 78, in _serve
    config.load()
  File "C:\Users\dhanu\AppData\Local\Programs\Python\Python312\Lib\site-packages\uvicorn\config.py", line 439, in load
    self.loaded_app = import_from_string(self.app)
                      ^^^^^^^^^^^^^^^^^^^^^^^^^^^^
  File "C:\Users\dhanu\AppData\Local\Programs\Python\Python312\Lib\site-packages\uvicorn\importer.py", line 19, in import_from_string
    module = importlib.import_module(module_str)
             ^^^^^^^^^^^^^^^^^^^^^^^^^^^^^^^^^^^
  File "C:\Users\dhanu\AppData\Local\Programs\Python\Python312\Lib\importlib\__init__.py", line 90, in import_module
    return _bootstrap._gcd_import(name[level:], package, level)
           ^^^^^^^^^^^^^^^^^^^^^^^^^^^^^^^^^^^^^^^^^^^^^^^^^^^^
  File "<frozen importlib._bootstrap>", line 1387, in _gcd_import
  File "<frozen importlib._bootstrap>", line 1360, in _find_and_load
  File "<frozen importlib._bootstrap>", line 1331, in _find_and_load_unlocked
  File "<frozen importlib._bootstrap>", line 935, in _load_unlocked
  File "<frozen importlib._bootstrap_external>", line 995, in exec_module
  File "<frozen importlib._bootstrap>", line 488, in _call_with_frames_removed
  File "C:\Users\dhanu\OneDrive\Desktop\Emotionsl bitch\backend\main.py", line 5, in <module>
    from emotion import detect_emotion_from_image
  File "C:\Users\dhanu\OneDrive\Desktop\Emotionsl bitch\backend\emotion.py", line 24, in <module>
    print(f"\u26a0\ufe0f FER Library Import Error: {e}")
  File "C:\Users\dhanu\AppData\Local\Programs\Python\Python312\Lib\encodings\cp1252.py", line 19, in encode
    return codecs.charmap_encode(input,self.errors,encoding_table)[0]
           ^^^^^^^^^^^^^^^^^^^^^^^^^^^^^^^^^^^^^^^^^^^^^^^^^^^^^^^
UnicodeEncodeError: 'charmap' codec can't encode characters in position 0-1: character maps to <undefined>
WARNING:  WatchFiles detected changes in 'emotion.py'. Reloading...
Process SpawnProcess-4:
Traceback (most recent call last):
  File "C:\Users\dhanu\OneDrive\Desktop\Emotionsl bitch\backend\emotion.py", line 23, in <module>
    from fer import FER
ImportError: cannot import name 'FER' from 'fer' (C:\Users\dhanu\AppData\Local\Programs\Python\Python312\Lib\site-packages\fer\__init__.py)

During handling of the above exception, another exception occurred:

Traceback (most recent call last):
  File "C:\Users\dhanu\AppData\Local\Programs\Python\Python312\Lib\multiprocessing\process.py", line 314, in _bootstrap
    self.run()
  File "C:\Users\dhanu\AppData\Local\Programs\Python\Python312\Lib\multiprocessing\process.py", line 108, in run
    self._target(*self._args, **self._kwargs)
  File "C:\Users\dhanu\AppData\Local\Programs\Python\Python312\Lib\site-packages\uvicorn\_subprocess.py", line 80, in subprocess_started
    target(sockets=sockets)
  File "C:\Users\dhanu\AppData\Local\Programs\Python\Python312\Lib\site-packages\uvicorn\server.py", line 67, in run
    return asyncio_run(self.serve(sockets=sockets), loop_factory=self.config.get_loop_factory())
           ^^^^^^^^^^^^^^^^^^^^^^^^^^^^^^^^^^^^^^^^^^^^^^^^^^^^^^^^^^^^^^^^^^^^^^^^^^^^^^^^^^^^^
  File "C:\Users\dhanu\AppData\Local\Programs\Python\Python312\Lib\asyncio\runners.py", line 194, in run
    return runner.run(main)
           ^^^^^^^^^^^^^^^^
  File "C:\Users\dhanu\AppData\Local\Programs\Python\Python312\Lib\asyncio\runners.py", line 118, in run
    return self._loop.run_until_complete(task)
           ^^^^^^^^^^^^^^^^^^^^^^^^^^^^^^^^^^^
  File "C:\Users\dhanu\AppData\Local\Programs\Python\Python312\Lib\asyncio\base_events.py", line 687, in run_until_complete
    return future.result()
           ^^^^^^^^^^^^^^^
  File "C:\Users\dhanu\AppData\Local\Programs\Python\Python312\Lib\site-packages\uvicorn\server.py", line 71, in serve
    await self._serve(sockets)
  File "C:\Users\dhanu\AppData\Local\Programs\Python\Python312\Lib\site-packages\uvicorn\server.py", line 78, in _serve
    config.load()
  File "C:\Users\dhanu\AppData\Local\Programs\Python\Python312\Lib\site-packages\uvicorn\config.py", line 439, in load
    self.loaded_app = import_from_string(self.app)
                      ^^^^^^^^^^^^^^^^^^^^^^^^^^^^
  File "C:\Users\dhanu\AppData\Local\Programs\Python\Python312\Lib\site-packages\uvicorn\importer.py", line 19, in import_from_string
    module = importlib.import_module(module_str)
             ^^^^^^^^^^^^^^^^^^^^^^^^^^^^^^^^^^^
  File "C:\Users\dhanu\AppData\Local\Programs\Python\Python312\Lib\importlib\__init__.py", line 90, in import_module
    return _bootstrap._gcd_import(name[level:], package, level)
           ^^^^^^^^^^^^^^^^^^^^^^^^^^^^^^^^^^^^^^^^^^^^^^^^^^^^
  File "<frozen importlib._bootstrap>", line 1387, in _gcd_import
  File "<frozen importlib._bootstrap>", line 1360, in _find_and_load
  File "<frozen importlib._bootstrap>", line 1331, in _find_and_load_unlocked
  File "<frozen importlib._bootstrap>", line 935, in _load_unlocked
  File "<frozen importlib._bootstrap_external>", line 995, in exec_module
  File "<frozen importlib._bootstrap>", line 488, in _call_with_frames_removed
  File "C:\Users\dhanu\OneDrive\Desktop\Emotionsl bitch\backend\main.py", line 5, in <module>
    from emotion import detect_emotion_from_image
  File "C:\Users\dhanu\OneDrive\Desktop\Emotionsl bitch\backend\emotion.py", line 29, in <module>
    print(f"\u26a0\ufe0f FER Library Import Error: {e}")
  File "C:\Users\dhanu\AppData\Local\Programs\Python\Python312\Lib\encodings\cp1252.py", line 19, in encode
    return codecs.charmap_encode(input,self.errors,encoding_table)[0]
           ^^^^^^^^^^^^^^^^^^^^^^^^^^^^^^^^^^^^^^^^^^^^^^^^^^^^^^^
UnicodeEncodeError: 'charmap' codec can't encode characters in position 0-1: character maps to <undefined>
WARNING:  WatchFiles detected changes in 'emotion.py'. Reloading...
Process SpawnProcess-5:
Traceback (most recent call last):
  File "C:\Users\dhanu\OneDrive\Desktop\Emotionsl bitch\backend\emotion.py", line 23, in <module>
    from fer import FER
ImportError: cannot import name 'FER' from 'fer' (C:\Users\dhanu\AppData\Local\Programs\Python\Python312\Lib\site-packages\fer\__init__.py)

During handling of the above exception, another exception occurred:

Traceback (most recent call last):
  File "C:\Users\dhanu\AppData\Local\Programs\Python\Python312\Lib\multiprocessing\process.py", line 314, in _bootstrap
    self.run()
  File "C:\Users\dhanu\AppData\Local\Programs\Python\Python312\Lib\multiprocessing\process.py", line 108, in run
    self._target(*self._args, **self._kwargs)
  File "C:\Users\dhanu\AppData\Local\Programs\Python\Python312\Lib\site-packages\uvicorn\_subprocess.py", line 80, in subprocess_started
    target(sockets=sockets)
  File "C:\Users\dhanu\AppData\Local\Programs\Python\Python312\Lib\site-packages\uvicorn\server.py", line 67, in run
    return asyncio_run(self.serve(sockets=sockets), loop_factory=self.config.get_loop_factory())
           ^^^^^^^^^^^^^^^^^^^^^^^^^^^^^^^^^^^^^^^^^^^^^^^^^^^^^^^^^^^^^^^^^^^^^^^^^^^^^^^^^^^^^
  File "C:\Users\dhanu\AppData\Local\Programs\Python\Python312\Lib\asyncio\runners.py", line 194, in run
    return runner.run(main)
           ^^^^^^^^^^^^^^^^
  File "C:\Users\dhanu\AppData\Local\Programs\Python\Python312\Lib\asyncio\runners.py", line 118, in run
    return self._loop.run_until_complete(task)
           ^^^^^^^^^^^^^^^^^^^^^^^^^^^^^^^^^^^
  File "C:\Users\dhanu\AppData\Local\Programs\Python\Python312\Lib\asyncio\base_events.py", line 687, in run_until_complete
    return future.result()
           ^^^^^^^^^^^^^^^
  File "C:\Users\dhanu\AppData\Local\Programs\Python\Python312\Lib\site-packages\uvicorn\server.py", line 71, in serve
    await self._serve(sockets)
  File "C:\Users\dhanu\AppData\Local\Programs\Python\Python312\Lib\site-packages\uvicorn\server.py", line 78, in _serve
    config.load()
  File "C:\Users\dhanu\AppData\Local\Programs\Python\Python312\Lib\site-packages\uvicorn\config.py", line 439, in load
    self.loaded_app = import_from_string(self.app)
                      ^^^^^^^^^^^^^^^^^^^^^^^^^^^^
  File "C:\Users\dhanu\AppData\Local\Programs\Python\Python312\Lib\site-packages\uvicorn\importer.py", line 19, in import_from_string
    module = importlib.import_module(module_str)
             ^^^^^^^^^^^^^^^^^^^^^^^^^^^^^^^^^^^
  File "C:\Users\dhanu\AppData\Local\Programs\Python\Python312\Lib\importlib\__init__.py", line 90, in import_module
    return _bootstrap._gcd_import(name[level:], package, level)
           ^^^^^^^^^^^^^^^^^^^^^^^^^^^^^^^^^^^^^^^^^^^^^^^^^^^^
  File "<frozen importlib._bootstrap>", line 1387, in _gcd_import
  File "<frozen importlib._bootstrap>", line 1360, in _find_and_load
  File "<frozen importlib._bootstrap>", line 1331, in _find_and_load_unlocked
  File "<frozen importlib._bootstrap>", line 935, in _load_unlocked
  File "<frozen importlib._bootstrap_external>", line 995, in exec_module
  File "<frozen importlib._bootstrap>", line 488, in _call_with_frames_removed
  File "C:\Users\dhanu\OneDrive\Desktop\Emotionsl bitch\backend\main.py", line 5, in <module>
    from emotion import detect_emotion_from_image
  File "C:\Users\dhanu\OneDrive\Desktop\Emotionsl bitch\backend\emotion.py", line 29, in <module>
    print(f"\u26a0\ufe0f FER Library Import Error: {e}")
  File "C:\Users\dhanu\AppData\Local\Programs\Python\Python312\Lib\encodings\cp1252.py", line 19, in encode
    return codecs.charmap_encode(input,self.errors,encoding_table)[0]
           ^^^^^^^^^^^^^^^^^^^^^^^^^^^^^^^^^^^^^^^^^^^^^^^^^^^^^^^
UnicodeEncodeError: 'charmap' codec can't encode characters in position 0-1: character maps to <undefined>
    
